<?xml version="1.0" encoding="UTF-8"?>
<testsuites name="Amabout Test Suite4" time="40.05" tests="1" failures="0" errors="0">
   <testsuite name="Amabout Test Suite4" tests="1" failures="0" errors="0" time="40.05" skipped="0" timestamp="2023-08-05 14:25:02" hostname="shresthar1 - SHRESTHALTW10.cns-inc.com" id="Test Suites/Amabout Test Suite4">
      <properties>
         <property name="deviceName" value=""/>
         <property name="devicePlatform" value=""/>
         <property name="logFolder" value="C:\\Users\\shresthar1\\git\\KatalonGitHubProject3\\Reports\\20230805_142455\\Amabout Test Suite4\\20230805_142456"/>
         <property name="logFiles" value="C:\\Users\\shresthar1\\git\\KatalonGitHubProject3\\Reports\\20230805_142455\\Amabout Test Suite4\\20230805_142456\\execution0.log"/>
         <property name="attachments" value=""/>
         <property name="hostName" value="shresthar1 - SHRESTHALTW10.cns-inc.com"/>
         <property name="os" value="Windows 10 64bit"/>
         <property name="katalonVersion" value="8.6.5.208"/>
         <property name="browser" value="Chrome 115.0.0.0"/>
         <property name="hostAddress" value="192.168.1.128"/>
         <property name="sessionId" value="ca582dc609f62df77b8fdf81fbdc5ff3"/>
         <property name="seleniumVersion" value="3.141.59"/>
         <property name="proxyInformation" value="ProxyInformation { proxyOption=NO_PROXY, proxyServerType=HTTP, username=, password=********, proxyServerAddress=, proxyServerPort=0, executionList=&quot;&quot;, isApplyToDesiredCapabilities=true }"/>
         <property name="platform" value="Windows 10"/>
      </properties>
      <testcase name="Test Cases/Amabout Test Case4" time="39.655" classname="Test Cases/Amabout Test Case4" status="PASSED">
         <system-out><![CDATA[2023-08-05 14:25:02 - [TEST_CASE][PASSED] - Test Cases/Amabout Test Case4: Test Cases/Amabout Test Case4

2023-08-05 14:25:02 - [TEST_STEP][PASSED] - openBrowser(""): Browser is opened with url: ''

2023-08-05 14:25:03 - [MESSAGE][INFO] - Starting 'Chrome' driver

2023-08-05 14:25:03 - [MESSAGE][INFO] - Action delay is set to 0 milliseconds

2023-08-05 14:25:06 - [MESSAGE][PASSED] - Browser is opened with url: ''

2023-08-05 14:25:06 - [TEST_STEP][PASSED] - navigateToUrl("https://www.aboutamazon.com/"): Navigate to 'https://www.aboutamazon.com/' successfully

2023-08-05 14:25:37 - [MESSAGE][PASSED] - Navigate to 'https://www.aboutamazon.com/' successfully

2023-08-05 14:25:37 - [TEST_STEP][PASSED] - click(findTestObject("Object Repository/Amabout Object4/Page_About Amazon/svg_Amazon Privacy Policy_burger-menu")): Object: 'Object Repository/Amabout Object4/Page_About Amazon/svg_Amazon Privacy Policy_burger-menu' is clicked on

2023-08-05 14:25:38 - [MESSAGE][PASSED] - Object: 'Object Repository/Amabout Object4/Page_About Amazon/svg_Amazon Privacy Policy_burger-menu' is clicked on

2023-08-05 14:25:38 - [TEST_STEP][PASSED] - click(findTestObject("Object Repository/Amabout Object4/Page_About Amazon/a_Subscribe")): Object: 'Object Repository/Amabout Object4/Page_About Amazon/a_Subscribe' is clicked on

2023-08-05 14:25:38 - [MESSAGE][PASSED] - Object: 'Object Repository/Amabout Object4/Page_About Amazon/a_Subscribe' is clicked on

2023-08-05 14:25:38 - [TEST_STEP][PASSED] - click(findTestObject("Object Repository/Amabout Object4/Page_About Amazon/svg")): Object: 'Object Repository/Amabout Object4/Page_About Amazon/svg' is clicked on

2023-08-05 14:25:41 - [MESSAGE][PASSED] - Object: 'Object Repository/Amabout Object4/Page_About Amazon/svg' is clicked on

2023-08-05 14:25:41 - [TEST_STEP][PASSED] - closeBrowser(): Browser is closed

2023-08-05 14:25:42 - [MESSAGE][PASSED] - Browser is closed]]></system-out>
         <system-err><![CDATA[]]></system-err>
      </testcase>
      <system-out><![CDATA[2023-08-05 14:25:02 - [TEST_SUITE][PASSED] - Amabout Test Suite4: Test Cases/Amabout Test Case4]]></system-out>
      <system-err><![CDATA[]]></system-err>
   </testsuite>
</testsuites>
