<?xml version="1.0" encoding="UTF-8"?>
<testsuites name="TrainSec Test Suite3" time="27.585" tests="1" failures="0" errors="0">
   <testsuite name="TrainSec Test Suite3" tests="1" failures="0" errors="0" time="27.585" skipped="0" timestamp="2023-08-05 14:20:54" hostname="shresthar1 - SHRESTHALTW10.cns-inc.com" id="Test Suites/TrainSec Test Suite3">
      <properties>
         <property name="deviceName" value=""/>
         <property name="devicePlatform" value=""/>
         <property name="logFolder" value="C:\\Users\\shresthar1\\git\\KatalonGitHubProject3\\Reports\\20230805_142051\\TrainSec Test Suite3\\20230805_142051"/>
         <property name="logFiles" value="C:\\Users\\shresthar1\\git\\KatalonGitHubProject3\\Reports\\20230805_142051\\TrainSec Test Suite3\\20230805_142051\\execution0.log"/>
         <property name="attachments" value=""/>
         <property name="hostName" value="shresthar1 - SHRESTHALTW10.cns-inc.com"/>
         <property name="os" value="Windows 10 64bit"/>
         <property name="katalonVersion" value="8.6.5.208"/>
         <property name="browser" value="Chrome 115.0.0.0"/>
         <property name="hostAddress" value="192.168.1.128"/>
         <property name="sessionId" value="124b6ba024c84352e1dedbc58fea32b0"/>
         <property name="seleniumVersion" value="3.141.59"/>
         <property name="proxyInformation" value="ProxyInformation { proxyOption=NO_PROXY, proxyServerType=HTTP, username=, password=********, proxyServerAddress=, proxyServerPort=0, executionList=&quot;&quot;, isApplyToDesiredCapabilities=true }"/>
         <property name="platform" value="Windows 10"/>
      </properties>
      <testcase name="Test Cases/TrainSec Test Case3" time="27.194" classname="Test Cases/TrainSec Test Case3" status="PASSED">
         <system-out><![CDATA[2023-08-05 14:20:55 - [TEST_CASE][PASSED] - Test Cases/TrainSec Test Case3: Test Cases/TrainSec Test Case3

2023-08-05 14:20:55 - [TEST_STEP][PASSED] - openBrowser(""): Browser is opened with url: ''

2023-08-05 14:20:56 - [MESSAGE][INFO] - Starting 'Chrome' driver

2023-08-05 14:20:56 - [MESSAGE][INFO] - Action delay is set to 0 milliseconds

2023-08-05 14:20:59 - [MESSAGE][PASSED] - Browser is opened with url: ''

2023-08-05 14:20:59 - [TEST_STEP][PASSED] - navigateToUrl("https://www.dhs.gov/"): Navigate to 'https://www.dhs.gov/' successfully

2023-08-05 14:21:21 - [MESSAGE][PASSED] - Navigate to 'https://www.dhs.gov/' successfully

2023-08-05 14:21:21 - [TEST_STEP][PASSED] - closeBrowser(): Browser is closed

2023-08-05 14:21:22 - [MESSAGE][PASSED] - Browser is closed]]></system-out>
         <system-err><![CDATA[]]></system-err>
      </testcase>
      <system-out><![CDATA[2023-08-05 14:20:54 - [TEST_SUITE][PASSED] - TrainSec Test Suite3: Test Cases/TrainSec Test Case3]]></system-out>
      <system-err><![CDATA[]]></system-err>
   </testsuite>
</testsuites>
