<?xml version="1.0" encoding="UTF-8"?>
<testsuites name="GMabt Test Suite1" time="28.859" tests="1" failures="0" errors="0">
   <testsuite name="GMabt Test Suite1" tests="1" failures="0" errors="0" time="28.859" skipped="0" timestamp="2023-08-05 14:07:59" hostname="shresthar1 - SHRESTHALTW10.cns-inc.com" id="Test Suites/GMabt Test Suite1">
      <properties>
         <property name="deviceName" value=""/>
         <property name="devicePlatform" value=""/>
         <property name="logFolder" value="C:\\Users\\shresthar1\\git\\KatalonGitHubProject3\\Reports\\20230805_140744\\GMabt Test Suite1\\20230805_140744"/>
         <property name="logFiles" value="C:\\Users\\shresthar1\\git\\KatalonGitHubProject3\\Reports\\20230805_140744\\GMabt Test Suite1\\20230805_140744\\execution0.log"/>
         <property name="attachments" value=""/>
         <property name="hostName" value="shresthar1 - SHRESTHALTW10.cns-inc.com"/>
         <property name="os" value="Windows 10 64bit"/>
         <property name="katalonVersion" value="8.6.5.208"/>
         <property name="browser" value="Chrome 115.0.0.0"/>
         <property name="hostAddress" value="192.168.1.128"/>
         <property name="sessionId" value="b6a9fd8a08940b4b37a0aa52e2be0a7a"/>
         <property name="seleniumVersion" value="3.141.59"/>
         <property name="proxyInformation" value="ProxyInformation { proxyOption=NO_PROXY, proxyServerType=HTTP, username=, password=********, proxyServerAddress=, proxyServerPort=0, executionList=&quot;&quot;, isApplyToDesiredCapabilities=true }"/>
         <property name="platform" value="Windows 10"/>
      </properties>
      <testcase name="Test Cases/GMabt Test Case1" time="28.389" classname="Test Cases/GMabt Test Case1" status="PASSED">
         <system-out><![CDATA[2023-08-05 14:07:59 - [TEST_CASE][PASSED] - Test Cases/GMabt Test Case1: Test Cases/GMabt Test Case1

2023-08-05 14:08:00 - [TEST_STEP][PASSED] - openBrowser(""): Browser is opened with url: ''

2023-08-05 14:08:00 - [MESSAGE][INFO] - Starting 'Chrome' driver

2023-08-05 14:08:01 - [MESSAGE][INFO] - Action delay is set to 0 milliseconds

2023-08-05 14:08:05 - [MESSAGE][PASSED] - Browser is opened with url: ''

2023-08-05 14:08:05 - [TEST_STEP][PASSED] - navigateToUrl("https://www.google.com/gmail/about/"): Navigate to 'https://www.google.com/gmail/about/' successfully

2023-08-05 14:08:28 - [MESSAGE][PASSED] - Navigate to 'https://www.google.com/gmail/about/' successfully]]></system-out>
         <system-err><![CDATA[]]></system-err>
      </testcase>
      <system-out><![CDATA[2023-08-05 14:07:59 - [TEST_SUITE][PASSED] - GMabt Test Suite1: Test Cases/GMabt Test Case1]]></system-out>
      <system-err><![CDATA[]]></system-err>
   </testsuite>
</testsuites>
