<?xml version="1.0" encoding="UTF-8"?>
<testsuites name="Aimweb Test Suite5" time="33.19" tests="1" failures="0" errors="0">
   <testsuite name="Aimweb Test Suite5" tests="1" failures="0" errors="0" time="33.19" skipped="0" timestamp="2023-08-05 14:29:01" hostname="shresthar1 - SHRESTHALTW10.cns-inc.com" id="Test Suites/Aimweb Test Suite5">
      <properties>
         <property name="deviceName" value=""/>
         <property name="devicePlatform" value=""/>
         <property name="logFolder" value="C:\\Users\\shresthar1\\git\\KatalonGitHubProject3\\Reports\\20230805_142848\\Aimweb Test Suite5\\20230805_142848"/>
         <property name="logFiles" value="C:\\Users\\shresthar1\\git\\KatalonGitHubProject3\\Reports\\20230805_142848\\Aimweb Test Suite5\\20230805_142848\\execution0.log"/>
         <property name="attachments" value=""/>
         <property name="hostName" value="shresthar1 - SHRESTHALTW10.cns-inc.com"/>
         <property name="os" value="Windows 10 64bit"/>
         <property name="katalonVersion" value="8.6.5.208"/>
         <property name="browser" value="Chrome 115.0.0.0"/>
         <property name="hostAddress" value="192.168.1.128"/>
         <property name="sessionId" value="8d891cb35a6201fda40927a5c5c7b82d"/>
         <property name="seleniumVersion" value="3.141.59"/>
         <property name="proxyInformation" value="ProxyInformation { proxyOption=NO_PROXY, proxyServerType=HTTP, username=, password=********, proxyServerAddress=, proxyServerPort=0, executionList=&quot;&quot;, isApplyToDesiredCapabilities=true }"/>
         <property name="platform" value="Windows 10"/>
      </properties>
      <testcase name="Test Cases/Aimweb Test Case5" time="32.643" classname="Test Cases/Aimweb Test Case5" status="PASSED">
         <system-out><![CDATA[2023-08-05 14:29:01 - [TEST_CASE][PASSED] - Test Cases/Aimweb Test Case5: Test Cases/Aimweb Test Case5

2023-08-05 14:29:02 - [TEST_STEP][PASSED] - openBrowser(""): Browser is opened with url: ''

2023-08-05 14:29:02 - [MESSAGE][INFO] - Starting 'Chrome' driver

2023-08-05 14:29:03 - [MESSAGE][INFO] - Action delay is set to 0 milliseconds

2023-08-05 14:29:06 - [MESSAGE][PASSED] - Browser is opened with url: ''

2023-08-05 14:29:06 - [TEST_STEP][PASSED] - navigateToUrl("https://webaim.org/"): Navigate to 'https://webaim.org/' successfully

2023-08-05 14:29:28 - [MESSAGE][PASSED] - Navigate to 'https://webaim.org/' successfully

2023-08-05 14:29:28 - [TEST_STEP][PASSED] - click(findTestObject("Object Repository/Aimweb Object5/Page_WebAIM Web Accessibility In Mind/a_Services")): Object: 'Object Repository/Aimweb Object5/Page_WebAIM Web Accessibility In Mind/a_Services' is clicked on

2023-08-05 14:29:29 - [MESSAGE][PASSED] - Object: 'Object Repository/Aimweb Object5/Page_WebAIM Web Accessibility In Mind/a_Services' is clicked on

2023-08-05 14:29:29 - [TEST_STEP][PASSED] - click(findTestObject("Object Repository/Aimweb Object5/Page_WebAIM WebAIM Services/a_Home")): Object: 'Object Repository/Aimweb Object5/Page_WebAIM WebAIM Services/a_Home' is clicked on

2023-08-05 14:29:30 - [MESSAGE][PASSED] - Object: 'Object Repository/Aimweb Object5/Page_WebAIM WebAIM Services/a_Home' is clicked on

2023-08-05 14:29:30 - [TEST_STEP][PASSED] - click(findTestObject("Object Repository/Aimweb Object5/Page_WebAIM Web Accessibility In Mind/a_Articles")): Object: 'Object Repository/Aimweb Object5/Page_WebAIM Web Accessibility In Mind/a_Articles' is clicked on

2023-08-05 14:29:31 - [MESSAGE][PASSED] - Object: 'Object Repository/Aimweb Object5/Page_WebAIM Web Accessibility In Mind/a_Articles' is clicked on

2023-08-05 14:29:31 - [TEST_STEP][PASSED] - click(findTestObject("Object Repository/Aimweb Object5/Page_WebAIM Articles/a_Resources")): Object: 'Object Repository/Aimweb Object5/Page_WebAIM Articles/a_Resources' is clicked on

2023-08-05 14:29:32 - [MESSAGE][PASSED] - Object: 'Object Repository/Aimweb Object5/Page_WebAIM Articles/a_Resources' is clicked on

2023-08-05 14:29:32 - [TEST_STEP][PASSED] - click(findTestObject("Object Repository/Aimweb Object5/Page_WebAIM Resources/a_Introduction to Web Accessibility")): Object: 'Object Repository/Aimweb Object5/Page_WebAIM Resources/a_Introduction to Web Accessibility' is clicked on

2023-08-05 14:29:33 - [MESSAGE][PASSED] - Object: 'Object Repository/Aimweb Object5/Page_WebAIM Resources/a_Introduction to Web Accessibility' is clicked on

2023-08-05 14:29:33 - [TEST_STEP][PASSED] - closeBrowser(): Browser is closed

2023-08-05 14:29:34 - [MESSAGE][PASSED] - Browser is closed]]></system-out>
         <system-err><![CDATA[]]></system-err>
      </testcase>
      <system-out><![CDATA[2023-08-05 14:29:01 - [TEST_SUITE][PASSED] - Aimweb Test Suite5: Test Cases/Aimweb Test Case5]]></system-out>
      <system-err><![CDATA[]]></system-err>
   </testsuite>
</testsuites>
